[INFO] Scanning for projects...
[INFO] 
[INFO] -----------------< com.tradewise:notification-service >-----------------
[INFO] Building notification-service 0.0.1-SNAPSHOT
[INFO]   from pom.xml
[INFO] --------------------------------[ jar ]---------------------------------
[INFO] 
[INFO] >>> spring-boot:3.5.9:run (default-cli) > test-compile @ notification-service >>>
[INFO] 
[INFO] --- resources:3.3.1:resources (default-resources) @ notification-service ---
[INFO] Copying 1 resource from src/main/resources to target/classes
[INFO] Copying 0 resource from src/main/resources to target/classes
[INFO] 
[INFO] --- compiler:3.14.1:compile (default-compile) @ notification-service ---
[INFO] Nothing to compile - all classes are up to date.
[INFO] 
[INFO] --- resources:3.3.1:testResources (default-testResources) @ notification-service ---
[INFO] skip non existing resourceDirectory /Users/utkarshalshi/Desktop/TradeWise/notification-service/src/test/resources
[INFO] 
[INFO] --- compiler:3.14.1:testCompile (default-testCompile) @ notification-service ---
[INFO] Nothing to compile - all classes are up to date.
[INFO] 
[INFO] <<< spring-boot:3.5.9:run (default-cli) < test-compile @ notification-service <<<
[INFO] 
[INFO] 
[INFO] --- spring-boot:3.5.9:run (default-cli) @ notification-service ---
[INFO] Attaching agents: []

  .   ____          _            __ _ _
 /\\ / ___'_ __ _ _(_)_ __  __ _ \ \ \ \
( ( )\___ | '_ | '_| | '_ \/ _` | \ \ \ \
 \\/  ___)| |_)| | | | | || (_| |  ) ) ) )
  '  |____| .__|_| |_|_| |_\__, | / / / /
 =========|_|==============|___/=/_/_/_/

 :: Spring Boot ::                (v3.5.9)

2025-12-19T21:50:16.124+05:30  INFO 18995 --- [           main] c.t.n.NotificationServiceApplication     : Starting NotificationServiceApplication using Java 17.0.7 with PID 18995 (/Users/utkarshalshi/Desktop/TradeWise/notification-service/target/classes started by utkarshalshi in /Users/utkarshalshi/Desktop/TradeWise/notification-service)
2025-12-19T21:50:16.125+05:30  INFO 18995 --- [           main] c.t.n.NotificationServiceApplication     : No active profile set, falling back to 1 default profile: "default"
2025-12-19T21:50:16.412+05:30  INFO 18995 --- [           main] .s.d.r.c.RepositoryConfigurationDelegate : Bootstrapping Spring Data JPA repositories in DEFAULT mode.
2025-12-19T21:50:16.446+05:30  INFO 18995 --- [           main] .s.d.r.c.RepositoryConfigurationDelegate : Finished Spring Data repository scanning in 25 ms. Found 2 JPA repository interfaces.
2025-12-19T21:50:16.707+05:30  INFO 18995 --- [           main] o.s.b.w.embedded.tomcat.TomcatWebServer  : Tomcat initialized with port 8086 (http)
2025-12-19T21:50:16.714+05:30  INFO 18995 --- [           main] o.apache.catalina.core.StandardService   : Starting service [Tomcat]
2025-12-19T21:50:16.714+05:30  INFO 18995 --- [           main] o.apache.catalina.core.StandardEngine    : Starting Servlet engine: [Apache Tomcat/10.1.50]
2025-12-19T21:50:16.739+05:30  INFO 18995 --- [           main] o.a.c.c.C.[Tomcat].[localhost].[/]       : Initializing Spring embedded WebApplicationContext
2025-12-19T21:50:16.740+05:30  INFO 18995 --- [           main] w.s.c.ServletWebServerApplicationContext : Root WebApplicationContext: initialization completed in 595 ms
2025-12-19T21:50:16.831+05:30  INFO 18995 --- [           main] o.hibernate.jpa.internal.util.LogHelper  : HHH000204: Processing PersistenceUnitInfo [name: default]
2025-12-19T21:50:16.858+05:30  INFO 18995 --- [           main] org.hibernate.Version                    : HHH000412: Hibernate ORM core version 6.6.39.Final
2025-12-19T21:50:16.874+05:30  INFO 18995 --- [           main] o.h.c.internal.RegionFactoryInitiator    : HHH000026: Second-level cache disabled
2025-12-19T21:50:17.069+05:30  INFO 18995 --- [           main] o.s.o.j.p.SpringPersistenceUnitInfo      : No LoadTimeWeaver setup: ignoring JPA class transformer
2025-12-19T21:50:17.086+05:30  INFO 18995 --- [           main] com.zaxxer.hikari.HikariDataSource       : HikariPool-1 - Starting...
2025-12-19T21:50:17.226+05:30  INFO 18995 --- [           main] com.zaxxer.hikari.pool.HikariPool        : HikariPool-1 - Added connection org.postgresql.jdbc.PgConnection@12365bd8
2025-12-19T21:50:17.226+05:30  INFO 18995 --- [           main] com.zaxxer.hikari.HikariDataSource       : HikariPool-1 - Start completed.
2025-12-19T21:50:17.263+05:30  WARN 18995 --- [           main] org.hibernate.orm.deprecation            : HHH90000025: PostgreSQLDialect does not need to be specified explicitly using 'hibernate.dialect' (remove the property setting and it will be selected by default)
2025-12-19T21:50:17.275+05:30  INFO 18995 --- [           main] org.hibernate.orm.connections.pooling    : HHH10001005: Database info:
	Database JDBC URL [Connecting through datasource 'HikariDataSource (HikariPool-1)']
	Database driver: undefined/unknown
	Database version: 15.14
	Autocommit mode: undefined/unknown
	Isolation level: undefined/unknown
	Minimum pool size: undefined/unknown
	Maximum pool size: undefined/unknown
2025-12-19T21:50:17.702+05:30  INFO 18995 --- [           main] o.h.e.t.j.p.i.JtaPlatformInitiator       : HHH000489: No JTA platform available (set 'hibernate.transaction.jta.platform' to enable JTA platform integration)
2025-12-19T21:50:17.801+05:30  INFO 18995 --- [           main] j.LocalContainerEntityManagerFactoryBean : Initialized JPA EntityManagerFactory for persistence unit 'default'
2025-12-19T21:50:18.079+05:30  WARN 18995 --- [           main] JpaBaseConfiguration$JpaWebConfiguration : spring.jpa.open-in-view is enabled by default. Therefore, database queries may be performed during view rendering. Explicitly configure spring.jpa.open-in-view to disable this warning
2025-12-19T21:50:18.329+05:30  INFO 18995 --- [           main] o.s.m.s.b.SimpleBrokerMessageHandler     : Starting...
2025-12-19T21:50:18.330+05:30  INFO 18995 --- [           main] o.s.m.s.b.SimpleBrokerMessageHandler     : BrokerAvailabilityEvent[available=true, SimpleBrokerMessageHandler [org.springframework.messaging.simp.broker.DefaultSubscriptionRegistry@43e9a8a2]]
2025-12-19T21:50:18.330+05:30  INFO 18995 --- [           main] o.s.m.s.b.SimpleBrokerMessageHandler     : Started.
2025-12-19T21:50:18.340+05:30  INFO 18995 --- [           main] o.s.b.w.embedded.tomcat.TomcatWebServer  : Tomcat started on port 8086 (http) with context path '/'
2025-12-19T21:50:18.363+05:30  INFO 18995 --- [           main] o.a.k.clients.consumer.ConsumerConfig    : ConsumerConfig values: 
	allow.auto.create.topics = true
	auto.commit.interval.ms = 5000
	auto.include.jmx.reporter = true
	auto.offset.reset = latest
	bootstrap.servers = [localhost:9092]
	check.crcs = true
	client.dns.lookup = use_all_dns_ips
	client.id = consumer-price-broadcasters-1
	client.rack = 
	connections.max.idle.ms = 540000
	default.api.timeout.ms = 60000
	enable.auto.commit = false
	enable.metrics.push = true
	exclude.internal.topics = true
	fetch.max.bytes = 52428800
	fetch.max.wait.ms = 500
	fetch.min.bytes = 1
	group.id = price-broadcasters
	group.instance.id = null
	group.protocol = classic
	group.remote.assignor = null
	heartbeat.interval.ms = 3000
	interceptor.classes = []
	internal.leave.group.on.close = true
	internal.throw.on.fetch.stable.offset.unsupported = false
	isolation.level = read_uncommitted
	key.deserializer = class org.springframework.kafka.support.serializer.ErrorHandlingDeserializer
	max.partition.fetch.bytes = 1048576
	max.poll.interval.ms = 300000
	max.poll.records = 500
	metadata.max.age.ms = 300000
	metadata.recovery.strategy = none
	metric.reporters = []
	metrics.num.samples = 2
	metrics.recording.level = INFO
	metrics.sample.window.ms = 30000
	partition.assignment.strategy = [class org.apache.kafka.clients.consumer.RangeAssignor, class org.apache.kafka.clients.consumer.CooperativeStickyAssignor]
	receive.buffer.bytes = 65536
	reconnect.backoff.max.ms = 1000
	reconnect.backoff.ms = 50
	request.timeout.ms = 30000
	retry.backoff.max.ms = 1000
	retry.backoff.ms = 100
	sasl.client.callback.handler.class = null
	sasl.jaas.config = null
	sasl.kerberos.kinit.cmd = /usr/bin/kinit
	sasl.kerberos.min.time.before.relogin = 60000
	sasl.kerberos.service.name = null
	sasl.kerberos.ticket.renew.jitter = 0.05
	sasl.kerberos.ticket.renew.window.factor = 0.8
	sasl.login.callback.handler.class = null
	sasl.login.class = null
	sasl.login.connect.timeout.ms = null
	sasl.login.read.timeout.ms = null
	sasl.login.refresh.buffer.seconds = 300
	sasl.login.refresh.min.period.seconds = 60
	sasl.login.refresh.window.factor = 0.8
	sasl.login.refresh.window.jitter = 0.05
	sasl.login.retry.backoff.max.ms = 10000
	sasl.login.retry.backoff.ms = 100
	sasl.mechanism = GSSAPI
	sasl.oauthbearer.clock.skew.seconds = 30
	sasl.oauthbearer.expected.audience = null
	sasl.oauthbearer.expected.issuer = null
	sasl.oauthbearer.header.urlencode = false
	sasl.oauthbearer.jwks.endpoint.refresh.ms = 3600000
	sasl.oauthbearer.jwks.endpoint.retry.backoff.max.ms = 10000
	sasl.oauthbearer.jwks.endpoint.retry.backoff.ms = 100
	sasl.oauthbearer.jwks.endpoint.url = null
	sasl.oauthbearer.scope.claim.name = scope
	sasl.oauthbearer.sub.claim.name = sub
	sasl.oauthbearer.token.endpoint.url = null
	security.protocol = PLAINTEXT
	security.providers = null
	send.buffer.bytes = 131072
	session.timeout.ms = 45000
	socket.connection.setup.timeout.max.ms = 30000
	socket.connection.setup.timeout.ms = 10000
	ssl.cipher.suites = null
	ssl.enabled.protocols = [TLSv1.2, TLSv1.3]
	ssl.endpoint.identification.algorithm = https
	ssl.engine.factory.class = null
	ssl.key.password = null
	ssl.keymanager.algorithm = SunX509
	ssl.keystore.certificate.chain = null
	ssl.keystore.key = null
	ssl.keystore.location = null
	ssl.keystore.password = null
	ssl.keystore.type = JKS
	ssl.protocol = TLSv1.3
	ssl.provider = null
	ssl.secure.random.implementation = null
	ssl.trustmanager.algorithm = PKIX
	ssl.truststore.certificates = null
	ssl.truststore.location = null
	ssl.truststore.password = null
	ssl.truststore.type = JKS
	value.deserializer = class org.springframework.kafka.support.serializer.ErrorHandlingDeserializer

2025-12-19T21:50:18.403+05:30  INFO 18995 --- [           main] o.a.k.c.t.i.KafkaMetricsCollector        : initializing Kafka metrics collector
2025-12-19T21:50:18.503+05:30  INFO 18995 --- [           main] o.a.kafka.common.utils.AppInfoParser     : Kafka version: 3.9.1
2025-12-19T21:50:18.503+05:30  INFO 18995 --- [           main] o.a.kafka.common.utils.AppInfoParser     : Kafka commitId: f745dfdcee2b9851
2025-12-19T21:50:18.504+05:30  INFO 18995 --- [           main] o.a.kafka.common.utils.AppInfoParser     : Kafka startTimeMs: 1766161218502
2025-12-19T21:50:18.505+05:30  INFO 18995 --- [           main] o.a.k.c.c.i.ClassicKafkaConsumer         : [Consumer clientId=consumer-price-broadcasters-1, groupId=price-broadcasters] Subscribed to topic(s): price-updates
2025-12-19T21:50:18.509+05:30  INFO 18995 --- [           main] o.a.k.clients.consumer.ConsumerConfig    : ConsumerConfig values: 
	allow.auto.create.topics = true
	auto.commit.interval.ms = 5000
	auto.include.jmx.reporter = true
	auto.offset.reset = latest
	bootstrap.servers = [localhost:9092]
	check.crcs = true
	client.dns.lookup = use_all_dns_ips
	client.id = consumer-strategy-checkers-2
	client.rack = 
	connections.max.idle.ms = 540000
	default.api.timeout.ms = 60000
	enable.auto.commit = false
	enable.metrics.push = true
	exclude.internal.topics = true
	fetch.max.bytes = 52428800
	fetch.max.wait.ms = 500
	fetch.min.bytes = 1
	group.id = strategy-checkers
	group.instance.id = null
	group.protocol = classic
	group.remote.assignor = null
	heartbeat.interval.ms = 3000
	interceptor.classes = []
	internal.leave.group.on.close = true
	internal.throw.on.fetch.stable.offset.unsupported = false
	isolation.level = read_uncommitted
	key.deserializer = class org.springframework.kafka.support.serializer.ErrorHandlingDeserializer
	max.partition.fetch.bytes = 1048576
	max.poll.interval.ms = 300000
	max.poll.records = 500
	metadata.max.age.ms = 300000
	metadata.recovery.strategy = none
	metric.reporters = []
	metrics.num.samples = 2
	metrics.recording.level = INFO
	metrics.sample.window.ms = 30000
	partition.assignment.strategy = [class org.apache.kafka.clients.consumer.RangeAssignor, class org.apache.kafka.clients.consumer.CooperativeStickyAssignor]
	receive.buffer.bytes = 65536
	reconnect.backoff.max.ms = 1000
	reconnect.backoff.ms = 50
	request.timeout.ms = 30000
	retry.backoff.max.ms = 1000
	retry.backoff.ms = 100
	sasl.client.callback.handler.class = null
	sasl.jaas.config = null
	sasl.kerberos.kinit.cmd = /usr/bin/kinit
	sasl.kerberos.min.time.before.relogin = 60000
	sasl.kerberos.service.name = null
	sasl.kerberos.ticket.renew.jitter = 0.05
	sasl.kerberos.ticket.renew.window.factor = 0.8
	sasl.login.callback.handler.class = null
	sasl.login.class = null
	sasl.login.connect.timeout.ms = null
	sasl.login.read.timeout.ms = null
	sasl.login.refresh.buffer.seconds = 300
	sasl.login.refresh.min.period.seconds = 60
	sasl.login.refresh.window.factor = 0.8
	sasl.login.refresh.window.jitter = 0.05
	sasl.login.retry.backoff.max.ms = 10000
	sasl.login.retry.backoff.ms = 100
	sasl.mechanism = GSSAPI
	sasl.oauthbearer.clock.skew.seconds = 30
	sasl.oauthbearer.expected.audience = null
	sasl.oauthbearer.expected.issuer = null
	sasl.oauthbearer.header.urlencode = false
	sasl.oauthbearer.jwks.endpoint.refresh.ms = 3600000
	sasl.oauthbearer.jwks.endpoint.retry.backoff.max.ms = 10000
	sasl.oauthbearer.jwks.endpoint.retry.backoff.ms = 100
	sasl.oauthbearer.jwks.endpoint.url = null
	sasl.oauthbearer.scope.claim.name = scope
	sasl.oauthbearer.sub.claim.name = sub
	sasl.oauthbearer.token.endpoint.url = null
	security.protocol = PLAINTEXT
	security.providers = null
	send.buffer.bytes = 131072
	session.timeout.ms = 45000
	socket.connection.setup.timeout.max.ms = 30000
	socket.connection.setup.timeout.ms = 10000
	ssl.cipher.suites = null
	ssl.enabled.protocols = [TLSv1.2, TLSv1.3]
	ssl.endpoint.identification.algorithm = https
	ssl.engine.factory.class = null
	ssl.key.password = null
	ssl.keymanager.algorithm = SunX509
	ssl.keystore.certificate.chain = null
	ssl.keystore.key = null
	ssl.keystore.location = null
	ssl.keystore.password = null
	ssl.keystore.type = JKS
	ssl.protocol = TLSv1.3
	ssl.provider = null
	ssl.secure.random.implementation = null
	ssl.trustmanager.algorithm = PKIX
	ssl.truststore.certificates = null
	ssl.truststore.location = null
	ssl.truststore.password = null
	ssl.truststore.type = JKS
	value.deserializer = class org.springframework.kafka.support.serializer.ErrorHandlingDeserializer

2025-12-19T21:50:18.510+05:30  INFO 18995 --- [           main] o.a.k.c.t.i.KafkaMetricsCollector        : initializing Kafka metrics collector
2025-12-19T21:50:18.516+05:30  INFO 18995 --- [           main] o.a.kafka.common.utils.AppInfoParser     : Kafka version: 3.9.1
2025-12-19T21:50:18.516+05:30  INFO 18995 --- [           main] o.a.kafka.common.utils.AppInfoParser     : Kafka commitId: f745dfdcee2b9851
2025-12-19T21:50:18.516+05:30  INFO 18995 --- [           main] o.a.kafka.common.utils.AppInfoParser     : Kafka startTimeMs: 1766161218515
2025-12-19T21:50:18.516+05:30  INFO 18995 --- [           main] o.a.k.c.c.i.ClassicKafkaConsumer         : [Consumer clientId=consumer-strategy-checkers-2, groupId=strategy-checkers] Subscribed to topic(s): price-updates
2025-12-19T21:50:18.523+05:30  INFO 18995 --- [           main] c.t.n.NotificationServiceApplication     : Started NotificationServiceApplication in 2.582 seconds (process running for 2.712)
2025-12-19T21:50:18.745+05:30  INFO 18995 --- [ntainer#0-0-C-1] org.apache.kafka.clients.Metadata        : [Consumer clientId=consumer-price-broadcasters-1, groupId=price-broadcasters] Cluster ID: FRxpT1ngRkWSrVxOHpDq9Q
2025-12-19T21:50:18.745+05:30  INFO 18995 --- [ntainer#1-0-C-1] org.apache.kafka.clients.Metadata        : [Consumer clientId=consumer-strategy-checkers-2, groupId=strategy-checkers] Cluster ID: FRxpT1ngRkWSrVxOHpDq9Q
2025-12-19T21:50:18.747+05:30  INFO 18995 --- [ntainer#0-0-C-1] o.a.k.c.c.internals.ConsumerCoordinator  : [Consumer clientId=consumer-price-broadcasters-1, groupId=price-broadcasters] Discovered group coordinator localhost:9092 (id: 2147483646 rack: null)
2025-12-19T21:50:18.747+05:30  INFO 18995 --- [ntainer#1-0-C-1] o.a.k.c.c.internals.ConsumerCoordinator  : [Consumer clientId=consumer-strategy-checkers-2, groupId=strategy-checkers] Discovered group coordinator localhost:9092 (id: 2147483646 rack: null)
2025-12-19T21:50:18.749+05:30  INFO 18995 --- [ntainer#1-0-C-1] o.a.k.c.c.internals.ConsumerCoordinator  : [Consumer clientId=consumer-strategy-checkers-2, groupId=strategy-checkers] (Re-)joining group
2025-12-19T21:50:18.749+05:30  INFO 18995 --- [ntainer#0-0-C-1] o.a.k.c.c.internals.ConsumerCoordinator  : [Consumer clientId=consumer-price-broadcasters-1, groupId=price-broadcasters] (Re-)joining group
2025-12-19T21:50:18.773+05:30  INFO 18995 --- [ntainer#1-0-C-1] o.a.k.c.c.internals.ConsumerCoordinator  : [Consumer clientId=consumer-strategy-checkers-2, groupId=strategy-checkers] Request joining group due to: need to re-join with the given member-id: consumer-strategy-checkers-2-3f518d8d-19ba-42ce-87b8-c34f3e98e3a4
2025-12-19T21:50:18.773+05:30  INFO 18995 --- [ntainer#0-0-C-1] o.a.k.c.c.internals.ConsumerCoordinator  : [Consumer clientId=consumer-price-broadcasters-1, groupId=price-broadcasters] Request joining group due to: need to re-join with the given member-id: consumer-price-broadcasters-1-83a28796-5841-4eb3-9e27-531776cf0b68
2025-12-19T21:50:18.774+05:30  INFO 18995 --- [ntainer#1-0-C-1] o.a.k.c.c.internals.ConsumerCoordinator  : [Consumer clientId=consumer-strategy-checkers-2, groupId=strategy-checkers] (Re-)joining group
2025-12-19T21:50:18.774+05:30  INFO 18995 --- [ntainer#0-0-C-1] o.a.k.c.c.internals.ConsumerCoordinator  : [Consumer clientId=consumer-price-broadcasters-1, groupId=price-broadcasters] (Re-)joining group
2025-12-19T21:50:21.801+05:30  INFO 18995 --- [ntainer#1-0-C-1] o.a.k.c.c.internals.ConsumerCoordinator  : [Consumer clientId=consumer-strategy-checkers-2, groupId=strategy-checkers] Successfully joined group with generation Generation{generationId=25, memberId='consumer-strategy-checkers-2-3f518d8d-19ba-42ce-87b8-c34f3e98e3a4', protocol='range'}
2025-12-19T21:50:21.802+05:30  INFO 18995 --- [ntainer#0-0-C-1] o.a.k.c.c.internals.ConsumerCoordinator  : [Consumer clientId=consumer-price-broadcasters-1, groupId=price-broadcasters] Successfully joined group with generation Generation{generationId=25, memberId='consumer-price-broadcasters-1-83a28796-5841-4eb3-9e27-531776cf0b68', protocol='range'}
2025-12-19T21:50:21.823+05:30  INFO 18995 --- [ntainer#1-0-C-1] o.a.k.c.c.internals.ConsumerCoordinator  : [Consumer clientId=consumer-strategy-checkers-2, groupId=strategy-checkers] Finished assignment for group at generation 25: {consumer-strategy-checkers-2-3f518d8d-19ba-42ce-87b8-c34f3e98e3a4=Assignment(partitions=[price-updates-0])}
2025-12-19T21:50:21.823+05:30  INFO 18995 --- [ntainer#0-0-C-1] o.a.k.c.c.internals.ConsumerCoordinator  : [Consumer clientId=consumer-price-broadcasters-1, groupId=price-broadcasters] Finished assignment for group at generation 25: {consumer-price-broadcasters-1-83a28796-5841-4eb3-9e27-531776cf0b68=Assignment(partitions=[price-updates-0])}
2025-12-19T21:50:21.841+05:30  INFO 18995 --- [ntainer#0-0-C-1] o.a.k.c.c.internals.ConsumerCoordinator  : [Consumer clientId=consumer-price-broadcasters-1, groupId=price-broadcasters] Successfully synced group in generation Generation{generationId=25, memberId='consumer-price-broadcasters-1-83a28796-5841-4eb3-9e27-531776cf0b68', protocol='range'}
2025-12-19T21:50:21.841+05:30  INFO 18995 --- [ntainer#1-0-C-1] o.a.k.c.c.internals.ConsumerCoordinator  : [Consumer clientId=consumer-strategy-checkers-2, groupId=strategy-checkers] Successfully synced group in generation Generation{generationId=25, memberId='consumer-strategy-checkers-2-3f518d8d-19ba-42ce-87b8-c34f3e98e3a4', protocol='range'}
2025-12-19T21:50:21.842+05:30  INFO 18995 --- [ntainer#1-0-C-1] o.a.k.c.c.internals.ConsumerCoordinator  : [Consumer clientId=consumer-strategy-checkers-2, groupId=strategy-checkers] Notifying assignor about the new Assignment(partitions=[price-updates-0])
2025-12-19T21:50:21.842+05:30  INFO 18995 --- [ntainer#0-0-C-1] o.a.k.c.c.internals.ConsumerCoordinator  : [Consumer clientId=consumer-price-broadcasters-1, groupId=price-broadcasters] Notifying assignor about the new Assignment(partitions=[price-updates-0])
2025-12-19T21:50:21.844+05:30  INFO 18995 --- [ntainer#0-0-C-1] k.c.c.i.ConsumerRebalanceListenerInvoker : [Consumer clientId=consumer-price-broadcasters-1, groupId=price-broadcasters] Adding newly assigned partitions: price-updates-0
2025-12-19T21:50:21.844+05:30  INFO 18995 --- [ntainer#1-0-C-1] k.c.c.i.ConsumerRebalanceListenerInvoker : [Consumer clientId=consumer-strategy-checkers-2, groupId=strategy-checkers] Adding newly assigned partitions: price-updates-0
2025-12-19T21:50:21.880+05:30  INFO 18995 --- [ntainer#1-0-C-1] o.a.k.c.c.internals.ConsumerUtils        : Setting offset for partition price-updates-0 to the committed offset FetchPosition{offset=17, offsetEpoch=Optional.empty, currentLeader=LeaderAndEpoch{leader=Optional[localhost:9092 (id: 1 rack: null)], epoch=0}}
2025-12-19T21:50:21.880+05:30  INFO 18995 --- [ntainer#0-0-C-1] o.a.k.c.c.internals.ConsumerUtils        : Setting offset for partition price-updates-0 to the committed offset FetchPosition{offset=17, offsetEpoch=Optional.empty, currentLeader=LeaderAndEpoch{leader=Optional[localhost:9092 (id: 1 rack: null)], epoch=0}}
2025-12-19T21:50:21.881+05:30  INFO 18995 --- [ntainer#1-0-C-1] o.s.k.l.KafkaMessageListenerContainer    : strategy-checkers: partitions assigned: [price-updates-0]
2025-12-19T21:50:21.881+05:30  INFO 18995 --- [ntainer#0-0-C-1] o.s.k.l.KafkaMessageListenerContainer    : price-broadcasters: partitions assigned: [price-updates-0]
2025-12-19T21:50:24.964+05:30  INFO 18995 --- [nio-8086-exec-1] o.a.c.c.C.[Tomcat].[localhost].[/]       : Initializing Spring DispatcherServlet 'dispatcherServlet'
2025-12-19T21:50:24.964+05:30  INFO 18995 --- [nio-8086-exec-1] o.s.web.servlet.DispatcherServlet        : Initializing Servlet 'dispatcherServlet'
2025-12-19T21:50:24.966+05:30  INFO 18995 --- [nio-8086-exec-1] o.s.web.servlet.DispatcherServlet        : Completed initialization in 2 ms
2025-12-19T21:51:04.681+05:30  INFO 18995 --- [ntainer#0-0-C-1] c.t.n.service.NotificationService        : Broadcasting price update: MSFT -> Price: $375.44. Sending to topic: /topic/prices/MSFT
2025-12-19T21:51:18.332+05:30  INFO 18995 --- [MessageBroker-1] o.s.w.s.c.WebSocketMessageBrokerStats    : WebSocketSession[0 current WS(0)-HttpStream(0)-HttpPoll(0), 0 total, 0 closed abnormally (0 connect failure, 0 send limit, 0 transport error)], stompSubProtocol[processed CONNECT(0)-CONNECTED(0)-DISCONNECT(0)], stompBrokerRelay[null], inboundChannel[pool size = 0, active threads = 0, queued tasks = 0, completed tasks = 0], outboundChannel[pool size = 0, active threads = 0, queued tasks = 0, completed tasks = 0], sockJsScheduler[pool size = 1, active threads = 1, queued tasks = 0, completed tasks = 0]
2025-12-19T21:51:46.060+05:30  INFO 18995 --- [ntainer#0-0-C-1] c.t.n.service.NotificationService        : Broadcasting price update: MSFT -> Price: $375.44. Sending to topic: /topic/prices/MSFT
2025-12-19T22:10:12.531+05:30  INFO 18995 --- [ntainer#1-0-C-1] k.c.c.i.ConsumerRebalanceListenerInvoker : [Consumer clientId=consumer-strategy-checkers-2, groupId=strategy-checkers] Revoke previously assigned partitions price-updates-0
2025-12-19T22:10:12.531+05:30  INFO 18995 --- [ntainer#0-0-C-1] k.c.c.i.ConsumerRebalanceListenerInvoker : [Consumer clientId=consumer-price-broadcasters-1, groupId=price-broadcasters] Revoke previously assigned partitions price-updates-0
2025-12-19T22:10:12.618+05:30  INFO 18995 --- [ntainer#0-0-C-1] o.s.k.l.KafkaMessageListenerContainer    : price-broadcasters: partitions revoked: [price-updates-0]
2025-12-19T22:10:12.618+05:30  INFO 18995 --- [ntainer#1-0-C-1] o.s.k.l.KafkaMessageListenerContainer    : strategy-checkers: partitions revoked: [price-updates-0]
2025-12-19T22:10:12.634+05:30  INFO 18995 --- [ntainer#1-0-C-1] o.a.k.c.c.internals.ConsumerCoordinator  : [Consumer clientId=consumer-strategy-checkers-2, groupId=strategy-checkers] Member consumer-strategy-checkers-2-3f518d8d-19ba-42ce-87b8-c34f3e98e3a4 sending LeaveGroup request to coordinator localhost:9092 (id: 2147483646 rack: null) due to the consumer unsubscribed from all topics
2025-12-19T22:10:12.634+05:30  INFO 18995 --- [ntainer#0-0-C-1] o.a.k.c.c.internals.ConsumerCoordinator  : [Consumer clientId=consumer-price-broadcasters-1, groupId=price-broadcasters] Member consumer-price-broadcasters-1-83a28796-5841-4eb3-9e27-531776cf0b68 sending LeaveGroup request to coordinator localhost:9092 (id: 2147483646 rack: null) due to the consumer unsubscribed from all topics
2025-12-19T22:10:12.652+05:30  INFO 18995 --- [ntainer#1-0-C-1] o.a.k.c.c.internals.ConsumerCoordinator  : [Consumer clientId=consumer-strategy-checkers-2, groupId=strategy-checkers] Resetting generation and member id due to: consumer pro-actively leaving the group
2025-12-19T22:10:12.652+05:30  INFO 18995 --- [ntainer#0-0-C-1] o.a.k.c.c.internals.ConsumerCoordinator  : [Consumer clientId=consumer-price-broadcasters-1, groupId=price-broadcasters] Resetting generation and member id due to: consumer pro-actively leaving the group
2025-12-19T22:10:12.653+05:30  INFO 18995 --- [ntainer#1-0-C-1] o.a.k.c.c.internals.ConsumerCoordinator  : [Consumer clientId=consumer-strategy-checkers-2, groupId=strategy-checkers] Request joining group due to: consumer pro-actively leaving the group
2025-12-19T22:10:12.653+05:30  INFO 18995 --- [ntainer#0-0-C-1] o.a.k.c.c.internals.ConsumerCoordinator  : [Consumer clientId=consumer-price-broadcasters-1, groupId=price-broadcasters] Request joining group due to: consumer pro-actively leaving the group
2025-12-19T22:10:12.656+05:30  INFO 18995 --- [ntainer#1-0-C-1] o.a.k.c.c.i.ClassicKafkaConsumer         : [Consumer clientId=consumer-strategy-checkers-2, groupId=strategy-checkers] Unsubscribed all topics or patterns and assigned partitions
2025-12-19T22:10:12.656+05:30  INFO 18995 --- [ntainer#0-0-C-1] o.a.k.c.c.i.ClassicKafkaConsumer         : [Consumer clientId=consumer-price-broadcasters-1, groupId=price-broadcasters] Unsubscribed all topics or patterns and assigned partitions
2025-12-19T22:10:12.711+05:30  INFO 18995 --- [ntainer#1-0-C-1] o.a.k.c.c.internals.ConsumerCoordinator  : [Consumer clientId=consumer-strategy-checkers-2, groupId=strategy-checkers] Resetting generation and member id due to: consumer pro-actively leaving the group
2025-12-19T22:10:12.711+05:30  INFO 18995 --- [ntainer#1-0-C-1] o.a.k.c.c.internals.ConsumerCoordinator  : [Consumer clientId=consumer-strategy-checkers-2, groupId=strategy-checkers] Request joining group due to: consumer pro-actively leaving the group
2025-12-19T22:10:12.711+05:30  INFO 18995 --- [ntainer#0-0-C-1] o.a.k.c.c.internals.ConsumerCoordinator  : [Consumer clientId=consumer-price-broadcasters-1, groupId=price-broadcasters] Resetting generation and member id due to: consumer pro-actively leaving the group
2025-12-19T22:10:12.713+05:30  INFO 18995 --- [ntainer#0-0-C-1] o.a.k.c.c.internals.ConsumerCoordinator  : [Consumer clientId=consumer-price-broadcasters-1, groupId=price-broadcasters] Request joining group due to: consumer pro-actively leaving the group
2025-12-19T22:10:13.003+05:30  INFO 18995 --- [ntainer#1-0-C-1] o.apache.kafka.common.metrics.Metrics    : Metrics scheduler closed
2025-12-19T22:10:13.004+05:30  INFO 18995 --- [ntainer#0-0-C-1] o.apache.kafka.common.metrics.Metrics    : Metrics scheduler closed
2025-12-19T22:10:13.007+05:30  INFO 18995 --- [ntainer#1-0-C-1] o.apache.kafka.common.metrics.Metrics    : Closing reporter org.apache.kafka.common.metrics.JmxReporter
2025-12-19T22:10:13.007+05:30  INFO 18995 --- [ntainer#0-0-C-1] o.apache.kafka.common.metrics.Metrics    : Closing reporter org.apache.kafka.common.metrics.JmxReporter
2025-12-19T22:10:13.007+05:30  INFO 18995 --- [ntainer#1-0-C-1] o.apache.kafka.common.metrics.Metrics    : Closing reporter org.apache.kafka.common.telemetry.internals.ClientTelemetryReporter
2025-12-19T22:10:13.008+05:30  INFO 18995 --- [ntainer#0-0-C-1] o.apache.kafka.common.metrics.Metrics    : Closing reporter org.apache.kafka.common.telemetry.internals.ClientTelemetryReporter
2025-12-19T22:10:13.009+05:30  INFO 18995 --- [ntainer#1-0-C-1] o.apache.kafka.common.metrics.Metrics    : Metrics reporters closed
2025-12-19T22:10:13.009+05:30  INFO 18995 --- [ntainer#0-0-C-1] o.apache.kafka.common.metrics.Metrics    : Metrics reporters closed
2025-12-19T22:10:13.066+05:30  INFO 18995 --- [ntainer#0-0-C-1] o.a.kafka.common.utils.AppInfoParser     : App info kafka.consumer for consumer-price-broadcasters-1 unregistered
2025-12-19T22:10:13.070+05:30  INFO 18995 --- [ntainer#1-0-C-1] o.a.kafka.common.utils.AppInfoParser     : App info kafka.consumer for consumer-strategy-checkers-2 unregistered
2025-12-19T22:10:13.085+05:30  INFO 18995 --- [ntainer#0-0-C-1] o.s.k.l.KafkaMessageListenerContainer    : price-broadcasters: Consumer stopped
2025-12-19T22:10:13.086+05:30  INFO 18995 --- [ntainer#1-0-C-1] o.s.k.l.KafkaMessageListenerContainer    : strategy-checkers: Consumer stopped
2025-12-19T22:10:13.126+05:30  INFO 18995 --- [ionShutdownHook] o.s.b.w.e.tomcat.GracefulShutdown        : Commencing graceful shutdown. Waiting for active requests to complete
2025-12-19T22:10:13.189+05:30  INFO 18995 --- [tomcat-shutdown] o.s.b.w.e.tomcat.GracefulShutdown        : Graceful shutdown complete
2025-12-19T22:10:13.250+05:30  INFO 18995 --- [ionShutdownHook] o.s.m.s.b.SimpleBrokerMessageHandler     : Stopping...
2025-12-19T22:10:13.254+05:30  INFO 18995 --- [ionShutdownHook] o.s.m.s.b.SimpleBrokerMessageHandler     : BrokerAvailabilityEvent[available=false, SimpleBrokerMessageHandler [org.springframework.messaging.simp.broker.DefaultSubscriptionRegistry@43e9a8a2]]
2025-12-19T22:10:13.256+05:30  INFO 18995 --- [ionShutdownHook] o.s.m.s.b.SimpleBrokerMessageHandler     : Stopped.
2025-12-19T22:10:13.275+05:30  INFO 18995 --- [ionShutdownHook] j.LocalContainerEntityManagerFactoryBean : Closing JPA EntityManagerFactory for persistence unit 'default'
2025-12-19T22:10:13.337+05:30  INFO 18995 --- [ionShutdownHook] com.zaxxer.hikari.HikariDataSource       : HikariPool-1 - Shutdown initiated...
2025-12-19T22:10:13.345+05:30  INFO 18995 --- [ionShutdownHook] com.zaxxer.hikari.HikariDataSource       : HikariPool-1 - Shutdown completed.
