[INFO] Scanning for projects...
[INFO] 
[INFO] -----------------< com.tradewise:market-data-service >------------------
[INFO] Building market-data-service 0.0.1-SNAPSHOT
[INFO]   from pom.xml
[INFO] --------------------------------[ jar ]---------------------------------
[INFO] 
[INFO] >>> spring-boot:3.4.12:run (default-cli) > test-compile @ market-data-service >>>
[INFO] 
[INFO] --- resources:3.3.1:resources (default-resources) @ market-data-service ---
[INFO] Copying 1 resource from src/main/resources to target/classes
[INFO] Copying 0 resource from src/main/resources to target/classes
[INFO] 
[INFO] --- compiler:3.13.0:compile (default-compile) @ market-data-service ---
[INFO] Recompiling the module because of changed source code.
[INFO] Compiling 17 source files with javac [debug parameters release 17] to target/classes
[INFO] 
[INFO] --- resources:3.3.1:testResources (default-testResources) @ market-data-service ---
[INFO] skip non existing resourceDirectory /Users/utkarshalshi/Desktop/TradeWise/market-data-service/src/test/resources
[INFO] 
[INFO] --- compiler:3.13.0:testCompile (default-testCompile) @ market-data-service ---
[INFO] Recompiling the module because of changed dependency.
[INFO] Compiling 2 source files with javac [debug parameters release 17] to target/test-classes
[INFO] 
[INFO] <<< spring-boot:3.4.12:run (default-cli) < test-compile @ market-data-service <<<
[INFO] 
[INFO] 
[INFO] --- spring-boot:3.4.12:run (default-cli) @ market-data-service ---
[INFO] Attaching agents: []

  .   ____          _            __ _ _
 /\\ / ___'_ __ _ _(_)_ __  __ _ \ \ \ \
( ( )\___ | '_ | '_| | '_ \/ _` | \ \ \ \
 \\/  ___)| |_)| | | | | || (_| |  ) ) ) )
  '  |____| .__|_| |_|_| |_\__, | / / / /
 =========|_|==============|___/=/_/_/_/

 :: Spring Boot ::               (v3.4.12)

2025-12-19T21:50:20.014+05:30  INFO 19380 --- [market-data-service] [           main] c.t.m.MarketDataServiceApplication       : Starting MarketDataServiceApplication using Java 17.0.7 with PID 19380 (/Users/utkarshalshi/Desktop/TradeWise/market-data-service/target/classes started by utkarshalshi in /Users/utkarshalshi/Desktop/TradeWise/market-data-service)
2025-12-19T21:50:20.015+05:30  INFO 19380 --- [market-data-service] [           main] c.t.m.MarketDataServiceApplication       : No active profile set, falling back to 1 default profile: "default"
2025-12-19T21:50:20.420+05:30  INFO 19380 --- [market-data-service] [           main] o.s.b.w.embedded.tomcat.TomcatWebServer  : Tomcat initialized with port 8084 (http)
2025-12-19T21:50:20.426+05:30  INFO 19380 --- [market-data-service] [           main] o.apache.catalina.core.StandardService   : Starting service [Tomcat]
2025-12-19T21:50:20.426+05:30  INFO 19380 --- [market-data-service] [           main] o.apache.catalina.core.StandardEngine    : Starting Servlet engine: [Apache Tomcat/10.1.49]
2025-12-19T21:50:20.445+05:30  INFO 19380 --- [market-data-service] [           main] o.a.c.c.C.[Tomcat].[localhost].[/]       : Initializing Spring embedded WebApplicationContext
2025-12-19T21:50:20.446+05:30  INFO 19380 --- [market-data-service] [           main] w.s.c.ServletWebServerApplicationContext : Root WebApplicationContext: initialization completed in 402 ms
2025-12-19T21:50:20.521+05:30  INFO 19380 --- [market-data-service] [           main] c.t.m.service.MarketDataBroker           : Connecting to Finnhub...
2025-12-19T21:50:22.035+05:30  WARN 19380 --- [market-data-service] [ctReadThread-21] c.t.m.service.MarketDataBroker           : Disconnected from Finnhub WebSocket: Invalid status code received: 401 Status line: HTTP/1.1 401 Unauthorized
2025-12-19T21:50:22.169+05:30  INFO 19380 --- [market-data-service] [           main] o.s.b.w.embedded.tomcat.TomcatWebServer  : Tomcat started on port 8084 (http) with context path '/'
2025-12-19T21:50:22.174+05:30  INFO 19380 --- [market-data-service] [           main] c.t.m.MarketDataServiceApplication       : Started MarketDataServiceApplication in 2.443 seconds (process running for 2.604)
2025-12-19T22:10:12.211+05:30  INFO 19380 --- [market-data-service] [ionShutdownHook] o.s.b.w.e.tomcat.GracefulShutdown        : Commencing graceful shutdown. Waiting for active requests to complete
2025-12-19T22:10:12.499+05:30  INFO 19380 --- [market-data-service] [tomcat-shutdown] o.s.b.w.e.tomcat.GracefulShutdown        : Graceful shutdown complete
