[INFO] Scanning for projects...
[INFO] 
[INFO] ------------------< com.tradewise:portfolio-service >-------------------
[INFO] Building portfolio-service 0.0.1-SNAPSHOT
[INFO]   from pom.xml
[INFO] --------------------------------[ jar ]---------------------------------
[INFO] 
[INFO] >>> spring-boot:3.4.12:run (default-cli) > test-compile @ portfolio-service >>>
[INFO] 
[INFO] --- resources:3.3.1:resources (default-resources) @ portfolio-service ---
[INFO] Copying 1 resource from src/main/resources to target/classes
[INFO] Copying 0 resource from src/main/resources to target/classes
[INFO] 
[INFO] --- compiler:3.13.0:compile (default-compile) @ portfolio-service ---
[INFO] Nothing to compile - all classes are up to date.
[INFO] 
[INFO] --- resources:3.3.1:testResources (default-testResources) @ portfolio-service ---
[INFO] skip non existing resourceDirectory /Users/utkarshalshi/Desktop/TradeWise/portfolio-service/src/test/resources
[INFO] 
[INFO] --- compiler:3.13.0:testCompile (default-testCompile) @ portfolio-service ---
[INFO] No sources to compile
[INFO] 
[INFO] <<< spring-boot:3.4.12:run (default-cli) < test-compile @ portfolio-service <<<
[INFO] 
[INFO] 
[INFO] --- spring-boot:3.4.12:run (default-cli) @ portfolio-service ---
[INFO] Attaching agents: []

  .   ____          _            __ _ _
 /\\ / ___'_ __ _ _(_)_ __  __ _ \ \ \ \
( ( )\___ | '_ | '_| | '_ \/ _` | \ \ \ \
 \\/  ___)| |_)| | | | | || (_| |  ) ) ) )
  '  |____| .__|_| |_|_| |_\__, | / / / /
 =========|_|==============|___/=/_/_/_/

 :: Spring Boot ::               (v3.4.12)

2025-12-19T21:20:05.190+05:30  INFO 93340 --- [  restartedMain] c.t.p.PortfolioServiceApplication        : Starting PortfolioServiceApplication using Java 17.0.7 with PID 93340 (/Users/utkarshalshi/Desktop/TradeWise/portfolio-service/target/classes started by utkarshalshi in /Users/utkarshalshi/Desktop/TradeWise/portfolio-service)
2025-12-19T21:20:05.192+05:30  INFO 93340 --- [  restartedMain] c.t.p.PortfolioServiceApplication        : No active profile set, falling back to 1 default profile: "default"
2025-12-19T21:20:05.214+05:30  INFO 93340 --- [  restartedMain] .e.DevToolsPropertyDefaultsPostProcessor : Devtools property defaults active! Set 'spring.devtools.add-properties' to 'false' to disable
2025-12-19T21:20:05.214+05:30  INFO 93340 --- [  restartedMain] .e.DevToolsPropertyDefaultsPostProcessor : For additional web related logging consider setting the 'logging.level.web' property to 'DEBUG'
2025-12-19T21:20:05.512+05:30  INFO 93340 --- [  restartedMain] .s.d.r.c.RepositoryConfigurationDelegate : Bootstrapping Spring Data JPA repositories in DEFAULT mode.
2025-12-19T21:20:05.540+05:30  INFO 93340 --- [  restartedMain] .s.d.r.c.RepositoryConfigurationDelegate : Finished Spring Data repository scanning in 22 ms. Found 2 JPA repository interfaces.
2025-12-19T21:20:05.767+05:30  INFO 93340 --- [  restartedMain] o.s.b.w.embedded.tomcat.TomcatWebServer  : Tomcat initialized with port 8082 (http)
2025-12-19T21:20:05.773+05:30  INFO 93340 --- [  restartedMain] o.apache.catalina.core.StandardService   : Starting service [Tomcat]
2025-12-19T21:20:05.773+05:30  INFO 93340 --- [  restartedMain] o.apache.catalina.core.StandardEngine    : Starting Servlet engine: [Apache Tomcat/10.1.49]
2025-12-19T21:20:05.789+05:30  INFO 93340 --- [  restartedMain] o.a.c.c.C.[Tomcat].[localhost].[/]       : Initializing Spring embedded WebApplicationContext
2025-12-19T21:20:05.790+05:30  INFO 93340 --- [  restartedMain] w.s.c.ServletWebServerApplicationContext : Root WebApplicationContext: initialization completed in 575 ms
2025-12-19T21:20:05.855+05:30  INFO 93340 --- [  restartedMain] o.hibernate.jpa.internal.util.LogHelper  : HHH000204: Processing PersistenceUnitInfo [name: default]
2025-12-19T21:20:05.883+05:30  INFO 93340 --- [  restartedMain] org.hibernate.Version                    : HHH000412: Hibernate ORM core version 6.6.36.Final
2025-12-19T21:20:05.900+05:30  INFO 93340 --- [  restartedMain] o.h.c.internal.RegionFactoryInitiator    : HHH000026: Second-level cache disabled
2025-12-19T21:20:06.016+05:30  INFO 93340 --- [  restartedMain] o.s.o.j.p.SpringPersistenceUnitInfo      : No LoadTimeWeaver setup: ignoring JPA class transformer
2025-12-19T21:20:06.030+05:30  INFO 93340 --- [  restartedMain] com.zaxxer.hikari.HikariDataSource       : HikariPool-1 - Starting...
2025-12-19T21:20:06.152+05:30  INFO 93340 --- [  restartedMain] com.zaxxer.hikari.pool.HikariPool        : HikariPool-1 - Added connection org.postgresql.jdbc.PgConnection@4df79104
2025-12-19T21:20:06.153+05:30  INFO 93340 --- [  restartedMain] com.zaxxer.hikari.HikariDataSource       : HikariPool-1 - Start completed.
2025-12-19T21:20:06.178+05:30  WARN 93340 --- [  restartedMain] org.hibernate.orm.deprecation            : HHH90000025: PostgreSQLDialect does not need to be specified explicitly using 'hibernate.dialect' (remove the property setting and it will be selected by default)
2025-12-19T21:20:06.188+05:30  INFO 93340 --- [  restartedMain] org.hibernate.orm.connections.pooling    : HHH10001005: Database info:
	Database JDBC URL [Connecting through datasource 'HikariDataSource (HikariPool-1)']
	Database driver: undefined/unknown
	Database version: 15.14
	Autocommit mode: undefined/unknown
	Isolation level: undefined/unknown
	Minimum pool size: undefined/unknown
	Maximum pool size: undefined/unknown
2025-12-19T21:20:06.599+05:30  INFO 93340 --- [  restartedMain] o.h.e.t.j.p.i.JtaPlatformInitiator       : HHH000489: No JTA platform available (set 'hibernate.transaction.jta.platform' to enable JTA platform integration)
2025-12-19T21:20:06.688+05:30  INFO 93340 --- [  restartedMain] j.LocalContainerEntityManagerFactoryBean : Initialized JPA EntityManagerFactory for persistence unit 'default'
2025-12-19T21:20:06.873+05:30  WARN 93340 --- [  restartedMain] JpaBaseConfiguration$JpaWebConfiguration : spring.jpa.open-in-view is enabled by default. Therefore, database queries may be performed during view rendering. Explicitly configure spring.jpa.open-in-view to disable this warning
2025-12-19T21:20:07.037+05:30  WARN 93340 --- [  restartedMain] o.s.b.d.a.OptionalLiveReloadServer       : Unable to start LiveReload server
2025-12-19T21:20:07.061+05:30  INFO 93340 --- [  restartedMain] o.s.b.w.embedded.tomcat.TomcatWebServer  : Tomcat started on port 8082 (http) with context path '/'
2025-12-19T21:20:07.066+05:30  INFO 93340 --- [  restartedMain] c.t.p.PortfolioServiceApplication        : Started PortfolioServiceApplication in 2.057 seconds (process running for 2.219)
2025-12-19T21:21:12.033+05:30  INFO 93340 --- [nio-8082-exec-1] o.a.c.c.C.[Tomcat].[localhost].[/]       : Initializing Spring DispatcherServlet 'dispatcherServlet'
2025-12-19T21:21:12.043+05:30  INFO 93340 --- [nio-8082-exec-1] o.s.web.servlet.DispatcherServlet        : Initializing Servlet 'dispatcherServlet'
2025-12-19T21:21:12.077+05:30  INFO 93340 --- [nio-8082-exec-1] o.s.web.servlet.DispatcherServlet        : Completed initialization in 32 ms
2025-12-19T22:10:12.487+05:30  INFO 93340 --- [ionShutdownHook] o.s.b.w.e.tomcat.GracefulShutdown        : Commencing graceful shutdown. Waiting for active requests to complete
2025-12-19T22:10:12.669+05:30  INFO 93340 --- [tomcat-shutdown] o.s.b.w.e.tomcat.GracefulShutdown        : Graceful shutdown complete
2025-12-19T22:10:12.819+05:30  INFO 93340 --- [ionShutdownHook] j.LocalContainerEntityManagerFactoryBean : Closing JPA EntityManagerFactory for persistence unit 'default'
2025-12-19T22:10:13.128+05:30  INFO 93340 --- [ionShutdownHook] com.zaxxer.hikari.HikariDataSource       : HikariPool-1 - Shutdown initiated...
2025-12-19T22:10:13.148+05:30  INFO 93340 --- [ionShutdownHook] com.zaxxer.hikari.HikariDataSource       : HikariPool-1 - Shutdown completed.
