[INFO] Scanning for projects...
[INFO] 
[INFO] ---------------------< com.tradewise:api-gateway >----------------------
[INFO] Building api-gateway 0.0.1-SNAPSHOT
[INFO]   from pom.xml
[INFO] --------------------------------[ jar ]---------------------------------
[INFO] 
[INFO] >>> spring-boot:3.4.12:run (default-cli) > test-compile @ api-gateway >>>
[INFO] 
[INFO] --- resources:3.3.1:resources (default-resources) @ api-gateway ---
[INFO] Copying 1 resource from src/main/resources to target/classes
[INFO] Copying 0 resource from src/main/resources to target/classes
[INFO] 
[INFO] --- compiler:3.13.0:compile (default-compile) @ api-gateway ---
[INFO] Recompiling the module because of changed source code.
[INFO] Compiling 5 source files with javac [debug parameters release 17] to target/classes
[INFO] 
[INFO] --- resources:3.3.1:testResources (default-testResources) @ api-gateway ---
[INFO] skip non existing resourceDirectory /Users/utkarshalshi/Desktop/TradeWise/api-gateway/src/test/resources
[INFO] 
[INFO] --- compiler:3.13.0:testCompile (default-testCompile) @ api-gateway ---
[INFO] Recompiling the module because of changed dependency.
[INFO] Compiling 1 source file with javac [debug parameters release 17] to target/test-classes
[INFO] 
[INFO] <<< spring-boot:3.4.12:run (default-cli) < test-compile @ api-gateway <<<
[INFO] 
[INFO] 
[INFO] --- spring-boot:3.4.12:run (default-cli) @ api-gateway ---
[INFO] Attaching agents: []

  .   ____          _            __ _ _
 /\\ / ___'_ __ _ _(_)_ __  __ _ \ \ \ \
( ( )\___ | '_ | '_| | '_ \/ _` | \ \ \ \
 \\/  ___)| |_)| | | | | || (_| |  ) ) ) )
  '  |____| .__|_| |_|_| |_\__, | / / / /
 =========|_|==============|___/=/_/_/_/

 :: Spring Boot ::               (v3.4.12)

2025-12-19T21:20:36.023+05:30  INFO 96477 --- [  restartedMain] c.t.apigateway.ApiGatewayApplication     : Starting ApiGatewayApplication using Java 17.0.7 with PID 96477 (/Users/utkarshalshi/Desktop/TradeWise/api-gateway/target/classes started by utkarshalshi in /Users/utkarshalshi/Desktop/TradeWise/api-gateway)
2025-12-19T21:20:36.024+05:30  INFO 96477 --- [  restartedMain] c.t.apigateway.ApiGatewayApplication     : No active profile set, falling back to 1 default profile: "default"
2025-12-19T21:20:36.045+05:30  INFO 96477 --- [  restartedMain] .e.DevToolsPropertyDefaultsPostProcessor : Devtools property defaults active! Set 'spring.devtools.add-properties' to 'false' to disable
2025-12-19T21:20:36.045+05:30  INFO 96477 --- [  restartedMain] .e.DevToolsPropertyDefaultsPostProcessor : For additional web related logging consider setting the 'logging.level.web' property to 'DEBUG'
2025-12-19T21:20:36.529+05:30  INFO 96477 --- [  restartedMain] o.s.cloud.context.scope.GenericScope     : BeanFactory id=e23a54c9-25af-35bb-8641-2561c8244921
2025-12-19T21:20:36.738+05:30  INFO 96477 --- [  restartedMain] ctiveUserDetailsServiceAutoConfiguration : 

Using generated security password: 9c0c7eb3-7912-43bc-9a92-5155d347f8e8

2025-12-19T21:20:36.963+05:30  INFO 96477 --- [  restartedMain] o.s.c.g.r.RouteDefinitionRouteLocator    : Loaded RoutePredicateFactory [After]
2025-12-19T21:20:36.963+05:30  INFO 96477 --- [  restartedMain] o.s.c.g.r.RouteDefinitionRouteLocator    : Loaded RoutePredicateFactory [Before]
2025-12-19T21:20:36.963+05:30  INFO 96477 --- [  restartedMain] o.s.c.g.r.RouteDefinitionRouteLocator    : Loaded RoutePredicateFactory [Between]
2025-12-19T21:20:36.963+05:30  INFO 96477 --- [  restartedMain] o.s.c.g.r.RouteDefinitionRouteLocator    : Loaded RoutePredicateFactory [Cookie]
2025-12-19T21:20:36.963+05:30  INFO 96477 --- [  restartedMain] o.s.c.g.r.RouteDefinitionRouteLocator    : Loaded RoutePredicateFactory [Header]
2025-12-19T21:20:36.963+05:30  INFO 96477 --- [  restartedMain] o.s.c.g.r.RouteDefinitionRouteLocator    : Loaded RoutePredicateFactory [Host]
2025-12-19T21:20:36.963+05:30  INFO 96477 --- [  restartedMain] o.s.c.g.r.RouteDefinitionRouteLocator    : Loaded RoutePredicateFactory [Method]
2025-12-19T21:20:36.963+05:30  INFO 96477 --- [  restartedMain] o.s.c.g.r.RouteDefinitionRouteLocator    : Loaded RoutePredicateFactory [Path]
2025-12-19T21:20:36.963+05:30  INFO 96477 --- [  restartedMain] o.s.c.g.r.RouteDefinitionRouteLocator    : Loaded RoutePredicateFactory [Query]
2025-12-19T21:20:36.963+05:30  INFO 96477 --- [  restartedMain] o.s.c.g.r.RouteDefinitionRouteLocator    : Loaded RoutePredicateFactory [ReadBody]
2025-12-19T21:20:36.963+05:30  INFO 96477 --- [  restartedMain] o.s.c.g.r.RouteDefinitionRouteLocator    : Loaded RoutePredicateFactory [RemoteAddr]
2025-12-19T21:20:36.963+05:30  INFO 96477 --- [  restartedMain] o.s.c.g.r.RouteDefinitionRouteLocator    : Loaded RoutePredicateFactory [XForwardedRemoteAddr]
2025-12-19T21:20:36.963+05:30  INFO 96477 --- [  restartedMain] o.s.c.g.r.RouteDefinitionRouteLocator    : Loaded RoutePredicateFactory [Weight]
2025-12-19T21:20:36.963+05:30  INFO 96477 --- [  restartedMain] o.s.c.g.r.RouteDefinitionRouteLocator    : Loaded RoutePredicateFactory [CloudFoundryRouteService]
2025-12-19T21:20:37.043+05:30  INFO 96477 --- [  restartedMain] o.s.b.a.e.web.EndpointLinksResolver      : Exposing 1 endpoint beneath base path '/actuator'
2025-12-19T21:20:37.130+05:30  WARN 96477 --- [  restartedMain] o.s.b.d.a.OptionalLiveReloadServer       : Unable to start LiveReload server
2025-12-19T21:20:37.198+05:30  INFO 96477 --- [  restartedMain] o.s.b.web.embedded.netty.NettyWebServer  : Netty started on port 8000 (http)
2025-12-19T21:20:37.239+05:30  INFO 96477 --- [  restartedMain] c.t.apigateway.ApiGatewayApplication     : Started ApiGatewayApplication in 1.424 seconds (process running for 1.83)
2025-12-19T21:38:47.250+05:30 ERROR 96477 --- [     parallel-4] i.n.r.d.DnsServerAddressStreamProviders  : Unable to load io.netty.resolver.dns.macos.MacOSDnsServerAddressStreamProvider, fallback to system defaults. This may result in incorrect DNS resolutions on MacOS. Check whether you have a dependency on 'io.netty:netty-resolver-dns-native-macos'. Use DEBUG level to see the full stack: java.lang.UnsatisfiedLinkError: failed to load the required native library
2025-12-19T22:10:12.662+05:30  INFO 96477 --- [ionShutdownHook] o.s.b.w.embedded.netty.GracefulShutdown  : Commencing graceful shutdown. Waiting for active requests to complete
2025-12-19T22:10:12.819+05:30  INFO 96477 --- [ netty-shutdown] o.s.b.w.embedded.netty.GracefulShutdown  : Graceful shutdown complete
