[INFO] Scanning for projects...
[INFO] 
[INFO] -------------------< com.tradewise:strategy-service >-------------------
[INFO] Building strategy-service 0.0.1-SNAPSHOT
[INFO]   from pom.xml
[INFO] --------------------------------[ jar ]---------------------------------
[INFO] 
[INFO] >>> spring-boot:3.2.5:run (default-cli) > test-compile @ strategy-service >>>
[INFO] 
[INFO] --- resources:3.3.1:resources (default-resources) @ strategy-service ---
[INFO] Copying 1 resource from src/main/resources to target/classes
[INFO] Copying 0 resource from src/main/resources to target/classes
[INFO] 
[INFO] --- compiler:3.11.0:compile (default-compile) @ strategy-service ---
[INFO] Nothing to compile - all classes are up to date
[INFO] 
[INFO] --- resources:3.3.1:testResources (default-testResources) @ strategy-service ---
[INFO] skip non existing resourceDirectory /Users/utkarshalshi/Desktop/TradeWise/strategy-service/src/test/resources
[INFO] 
[INFO] --- compiler:3.11.0:testCompile (default-testCompile) @ strategy-service ---
[INFO] Nothing to compile - all classes are up to date
[INFO] 
[INFO] <<< spring-boot:3.2.5:run (default-cli) < test-compile @ strategy-service <<<
[INFO] 
[INFO] 
[INFO] --- spring-boot:3.2.5:run (default-cli) @ strategy-service ---
[INFO] Attaching agents: []

  .   ____          _            __ _ _
 /\\ / ___'_ __ _ _(_)_ __  __ _ \ \ \ \
( ( )\___ | '_ | '_| | '_ \/ _` | \ \ \ \
 \\/  ___)| |_)| | | | | || (_| |  ) ) ) )
  '  |____| .__|_| |_|_| |_\__, | / / / /
 =========|_|==============|___/=/_/_/_/
 :: Spring Boot ::                (v3.2.5)

2025-12-19T21:20:10.071+05:30  INFO 93825 --- [           main] c.t.s.StrategyServiceApplication         : Starting StrategyServiceApplication using Java 17.0.7 with PID 93825 (/Users/utkarshalshi/Desktop/TradeWise/strategy-service/target/classes started by utkarshalshi in /Users/utkarshalshi/Desktop/TradeWise/strategy-service)
2025-12-19T21:20:10.072+05:30  INFO 93825 --- [           main] c.t.s.StrategyServiceApplication         : No active profile set, falling back to 1 default profile: "default"
2025-12-19T21:20:10.462+05:30  INFO 93825 --- [           main] .s.d.r.c.RepositoryConfigurationDelegate : Bootstrapping Spring Data JPA repositories in DEFAULT mode.
2025-12-19T21:20:10.506+05:30  INFO 93825 --- [           main] .s.d.r.c.RepositoryConfigurationDelegate : Finished Spring Data repository scanning in 37 ms. Found 3 JPA repository interfaces.
2025-12-19T21:20:11.097+05:30  INFO 93825 --- [           main] o.s.b.w.embedded.tomcat.TomcatWebServer  : Tomcat initialized with port 8083 (http)
2025-12-19T21:20:11.115+05:30  INFO 93825 --- [           main] o.apache.catalina.core.StandardService   : Starting service [Tomcat]
2025-12-19T21:20:11.115+05:30  INFO 93825 --- [           main] o.apache.catalina.core.StandardEngine    : Starting Servlet engine: [Apache Tomcat/10.1.20]
2025-12-19T21:20:11.189+05:30  INFO 93825 --- [           main] o.a.c.c.C.[Tomcat].[localhost].[/]       : Initializing Spring embedded WebApplicationContext
2025-12-19T21:20:11.190+05:30  INFO 93825 --- [           main] w.s.c.ServletWebServerApplicationContext : Root WebApplicationContext: initialization completed in 1099 ms
2025-12-19T21:20:11.293+05:30  INFO 93825 --- [           main] o.hibernate.jpa.internal.util.LogHelper  : HHH000204: Processing PersistenceUnitInfo [name: default]
2025-12-19T21:20:11.348+05:30  INFO 93825 --- [           main] org.hibernate.Version                    : HHH000412: Hibernate ORM core version 6.4.4.Final
2025-12-19T21:20:11.373+05:30  INFO 93825 --- [           main] o.h.c.internal.RegionFactoryInitiator    : HHH000026: Second-level cache disabled
2025-12-19T21:20:11.533+05:30  INFO 93825 --- [           main] o.s.o.j.p.SpringPersistenceUnitInfo      : No LoadTimeWeaver setup: ignoring JPA class transformer
2025-12-19T21:20:11.546+05:30  INFO 93825 --- [           main] com.zaxxer.hikari.HikariDataSource       : HikariPool-1 - Starting...
2025-12-19T21:20:11.667+05:30  INFO 93825 --- [           main] com.zaxxer.hikari.pool.HikariPool        : HikariPool-1 - Added connection org.postgresql.jdbc.PgConnection@629075f4
2025-12-19T21:20:11.668+05:30  INFO 93825 --- [           main] com.zaxxer.hikari.HikariDataSource       : HikariPool-1 - Start completed.
2025-12-19T21:20:11.700+05:30  WARN 93825 --- [           main] org.hibernate.orm.deprecation            : HHH90000025: PostgreSQLDialect does not need to be specified explicitly using 'hibernate.dialect' (remove the property setting and it will be selected by default)
2025-12-19T21:20:12.131+05:30  INFO 93825 --- [           main] o.h.e.t.j.p.i.JtaPlatformInitiator       : HHH000489: No JTA platform available (set 'hibernate.transaction.jta.platform' to enable JTA platform integration)
2025-12-19T21:20:12.258+05:30  INFO 93825 --- [           main] j.LocalContainerEntityManagerFactoryBean : Initialized JPA EntityManagerFactory for persistence unit 'default'
2025-12-19T21:20:12.411+05:30  WARN 93825 --- [           main] JpaBaseConfiguration$JpaWebConfiguration : spring.jpa.open-in-view is enabled by default. Therefore, database queries may be performed during view rendering. Explicitly configure spring.jpa.open-in-view to disable this warning
2025-12-19T21:20:12.587+05:30  INFO 93825 --- [           main] o.s.b.w.embedded.tomcat.TomcatWebServer  : Tomcat started on port 8083 (http) with context path ''
2025-12-19T21:20:12.591+05:30  INFO 93825 --- [           main] c.t.s.StrategyServiceApplication         : Started StrategyServiceApplication in 2.824 seconds (process running for 2.965)
2025-12-19T21:21:12.366+05:30  INFO 93825 --- [nio-8083-exec-1] o.a.c.c.C.[Tomcat].[localhost].[/]       : Initializing Spring DispatcherServlet 'dispatcherServlet'
2025-12-19T21:21:12.367+05:30  INFO 93825 --- [nio-8083-exec-1] o.s.web.servlet.DispatcherServlet        : Initializing Servlet 'dispatcherServlet'
2025-12-19T21:21:12.378+05:30  INFO 93825 --- [nio-8083-exec-1] o.s.web.servlet.DispatcherServlet        : Completed initialization in 11 ms
2025-12-19T22:10:12.885+05:30  INFO 93825 --- [ionShutdownHook] j.LocalContainerEntityManagerFactoryBean : Closing JPA EntityManagerFactory for persistence unit 'default'
2025-12-19T22:10:13.088+05:30  INFO 93825 --- [ionShutdownHook] com.zaxxer.hikari.HikariDataSource       : HikariPool-1 - Shutdown initiated...
2025-12-19T22:10:13.128+05:30  INFO 93825 --- [ionShutdownHook] com.zaxxer.hikari.HikariDataSource       : HikariPool-1 - Shutdown completed.
